<?xml version="1.0" encoding="UTF-8"?>
<!-- Generated by org.testng.reporters.JUnitReportReporter -->
<testsuite hostname="DESKTOP-1MSC5F6" failures="0" tests="1" name="org.facebook.loginpage.VerificationAzure" time="1.615" errors="0" timestamp="2022-05-16T15:28:50 IST" skipped="0">
  <testcase classname="org.facebook.loginpage.VerificationAzure" name="testAzure" time="1.615"/>
  <system-out/>
</testsuite> <!-- org.facebook.loginpage.VerificationAzure -->
